<?xml version="1.0" encoding="UTF-8"?>
<!-- Generated by org.testng.reporters.JUnitReportReporter -->
<testsuite hostname="LAPTOP-INOVJLH7" failures="0" tests="1" name="ms.app.qa.tests.ManageJobsTime" time="29.418" errors="0" timestamp="2022-10-08T23:51:46 EET" skipped="0">
  <testcase classname="ms.app.qa.tests.ManageJobsTime" name="JobStatusUpdateTest" time="29.418"/>
  <system-out/>
</testsuite> <!-- ms.app.qa.tests.ManageJobsTime -->
